<?xml version="1.0" encoding="UTF-8"?>
<testsuite name="tourGuide.TestTourGuideService" tests="11" skipped="0" failures="0" errors="0" timestamp="2021-12-13T06:07:08" hostname="DESKTOP-TFVN31C" time="6.799">
  <properties/>
  <testcase name="getUserLocationWithNoExistingUser" classname="tourGuide.TestTourGuideService" time="0.052"/>
  <testcase name="addUser" classname="tourGuide.TestTourGuideService" time="0.039"/>
  <testcase name="getAllUsers" classname="tourGuide.TestTourGuideService" time="0.01"/>
  <testcase name="getUserRewardsWithExistingUser" classname="tourGuide.TestTourGuideService" time="0.006"/>
  <testcase name="getUserLocationWithVisitedLocation" classname="tourGuide.TestTourGuideService" time="0.007"/>
  <testcase name="getAllCurrentLocations" classname="tourGuide.TestTourGuideService" time="0.007"/>
  <testcase name="getNearbyAttractionListByUserDto" classname="tourGuide.TestTourGuideService" time="6.435"/>
  <testcase name="trackUser" classname="tourGuide.TestTourGuideService" time="0.081"/>
  <testcase name="getNearbyAttractions" classname="tourGuide.TestTourGuideService" time="0.068"/>
  <testcase name="getUserRewardsWithNoExistingUser" classname="tourGuide.TestTourGuideService" time="0.003"/>
  <testcase name="getUserLocationWithoutVisitedLocation" classname="tourGuide.TestTourGuideService" time="0.073"/>
  <system-out><![CDATA[07:06:38.919 [Test worker] DEBUG org.springframework.test.context.junit4.SpringJUnit4ClassRunner - SpringJUnit4ClassRunner constructor called with [class tourGuide.TestTourGuideService]
07:06:38.949 [Test worker] DEBUG org.springframework.test.context.BootstrapUtils - Instantiating CacheAwareContextLoaderDelegate from class [org.springframework.test.context.cache.DefaultCacheAwareContextLoaderDelegate]
07:06:38.992 [Test worker] DEBUG org.springframework.test.context.BootstrapUtils - Instantiating BootstrapContext using constructor [public org.springframework.test.context.support.DefaultBootstrapContext(java.lang.Class,org.springframework.test.context.CacheAwareContextLoaderDelegate)]
07:06:39.094 [Test worker] DEBUG org.springframework.test.context.BootstrapUtils - Instantiating TestContextBootstrapper for test class [tourGuide.TestTourGuideService] from class [org.springframework.boot.test.context.SpringBootTestContextBootstrapper]
07:06:39.143 [Test worker] INFO org.springframework.boot.test.context.SpringBootTestContextBootstrapper - Neither @ContextConfiguration nor @ContextHierarchy found for test class [tourGuide.TestTourGuideService], using SpringBootContextLoader
07:06:39.160 [Test worker] DEBUG org.springframework.test.context.support.AbstractContextLoader - Did not detect default resource location for test class [tourGuide.TestTourGuideService]: class path resource [tourGuide/TestTourGuideService-context.xml] does not exist
07:06:39.161 [Test worker] DEBUG org.springframework.test.context.support.AbstractContextLoader - Did not detect default resource location for test class [tourGuide.TestTourGuideService]: class path resource [tourGuide/TestTourGuideServiceContext.groovy] does not exist
07:06:39.161 [Test worker] INFO org.springframework.test.context.support.AbstractContextLoader - Could not detect default resource locations for test class [tourGuide.TestTourGuideService]: no resource found for suffixes {-context.xml, Context.groovy}.
07:06:39.164 [Test worker] INFO org.springframework.test.context.support.AnnotationConfigContextLoaderUtils - Could not detect default configuration classes for test class [tourGuide.TestTourGuideService]: TestTourGuideService does not declare any static, non-private, non-final, nested classes annotated with @Configuration.
07:06:39.319 [Test worker] DEBUG org.springframework.test.context.support.ActiveProfilesUtils - Could not find an 'annotation declaring class' for annotation type [org.springframework.test.context.ActiveProfiles] and class [tourGuide.TestTourGuideService]
07:06:39.642 [Test worker] DEBUG org.springframework.context.annotation.ClassPathScanningCandidateComponentProvider - Identified candidate component class: file [C:\Users\adeli\Documents\OpenClassrooms\TourGuide\TourGuide\build\classes\java\main\tourGuide\Application.class]
07:06:39.670 [Test worker] INFO org.springframework.boot.test.context.SpringBootTestContextBootstrapper - Found @SpringBootConfiguration tourGuide.Application for test class tourGuide.TestTourGuideService
07:06:40.146 [Test worker] DEBUG org.springframework.boot.test.context.SpringBootTestContextBootstrapper - @TestExecutionListeners is not present for class [tourGuide.TestTourGuideService]: using defaults.
07:06:40.148 [Test worker] INFO org.springframework.boot.test.context.SpringBootTestContextBootstrapper - Loaded default TestExecutionListener class names from location [META-INF/spring.factories]: [org.springframework.boot.test.autoconfigure.restdocs.RestDocsTestExecutionListener, org.springframework.boot.test.autoconfigure.web.client.MockRestServiceServerResetTestExecutionListener, org.springframework.boot.test.autoconfigure.web.servlet.MockMvcPrintOnlyOnFailureTestExecutionListener, org.springframework.boot.test.autoconfigure.web.servlet.WebDriverTestExecutionListener, org.springframework.boot.test.mock.mockito.MockitoTestExecutionListener, org.springframework.boot.test.mock.mockito.ResetMocksTestExecutionListener, org.springframework.test.context.web.ServletTestExecutionListener, org.springframework.test.context.support.DirtiesContextBeforeModesTestExecutionListener, org.springframework.test.context.support.DependencyInjectionTestExecutionListener, org.springframework.test.context.support.DirtiesContextTestExecutionListener, org.springframework.test.context.transaction.TransactionalTestExecutionListener, org.springframework.test.context.jdbc.SqlScriptsTestExecutionListener]
07:06:40.198 [Test worker] DEBUG org.springframework.boot.test.context.SpringBootTestContextBootstrapper - Skipping candidate TestExecutionListener [org.springframework.test.context.transaction.TransactionalTestExecutionListener] due to a missing dependency. Specify custom listener classes or make the default listener classes and their required dependencies available. Offending class: [org/springframework/transaction/interceptor/TransactionAttributeSource]
07:06:40.200 [Test worker] DEBUG org.springframework.boot.test.context.SpringBootTestContextBootstrapper - Skipping candidate TestExecutionListener [org.springframework.test.context.jdbc.SqlScriptsTestExecutionListener] due to a missing dependency. Specify custom listener classes or make the default listener classes and their required dependencies available. Offending class: [org/springframework/transaction/interceptor/TransactionAttribute]
07:06:40.200 [Test worker] INFO org.springframework.boot.test.context.SpringBootTestContextBootstrapper - Using TestExecutionListeners: [org.springframework.test.context.web.ServletTestExecutionListener@3e34fbb1, org.springframework.test.context.support.DirtiesContextBeforeModesTestExecutionListener@4598ae8b, org.springframework.boot.test.mock.mockito.MockitoTestExecutionListener@5d80043, org.springframework.boot.test.autoconfigure.SpringBootDependencyInjectionTestExecutionListener@abcc747, org.springframework.test.context.support.DirtiesContextTestExecutionListener@13cc4cd2, org.springframework.boot.test.autoconfigure.restdocs.RestDocsTestExecutionListener@132054d6, org.springframework.boot.test.autoconfigure.web.client.MockRestServiceServerResetTestExecutionListener@56bf94e9, org.springframework.boot.test.autoconfigure.web.servlet.MockMvcPrintOnlyOnFailureTestExecutionListener@3a55e786, org.springframework.boot.test.autoconfigure.web.servlet.WebDriverTestExecutionListener@4b8e96c2, org.springframework.boot.test.mock.mockito.ResetMocksTestExecutionListener@5a19fd81]
07:06:40.213 [Test worker] DEBUG org.springframework.test.annotation.ProfileValueUtils - Retrieved @ProfileValueSourceConfiguration [null] for test class [tourGuide.TestTourGuideService]
07:06:40.213 [Test worker] DEBUG org.springframework.test.annotation.ProfileValueUtils - Retrieved ProfileValueSource type [class org.springframework.test.annotation.SystemProfileValueSource] for class [tourGuide.TestTourGuideService]
07:06:40.219 [Test worker] DEBUG org.springframework.test.annotation.ProfileValueUtils - Retrieved @ProfileValueSourceConfiguration [null] for test class [tourGuide.TestTourGuideService]
07:06:40.219 [Test worker] DEBUG org.springframework.test.annotation.ProfileValueUtils - Retrieved ProfileValueSource type [class org.springframework.test.annotation.SystemProfileValueSource] for class [tourGuide.TestTourGuideService]
07:06:40.222 [Test worker] DEBUG org.springframework.test.annotation.ProfileValueUtils - Retrieved @ProfileValueSourceConfiguration [null] for test class [tourGuide.TestTourGuideService]
07:06:40.222 [Test worker] DEBUG org.springframework.test.annotation.ProfileValueUtils - Retrieved ProfileValueSource type [class org.springframework.test.annotation.SystemProfileValueSource] for class [tourGuide.TestTourGuideService]
07:06:40.238 [Test worker] DEBUG org.springframework.test.context.support.AbstractDirtiesContextTestExecutionListener - Before test class: context [DefaultTestContext@16138e4b testClass = TestTourGuideService, testInstance = [null], testMethod = [null], testException = [null], mergedContextConfiguration = [WebMergedContextConfiguration@51060d40 testClass = TestTourGuideService, locations = '{}', classes = '{class tourGuide.Application}', contextInitializerClasses = '[]', activeProfiles = '{}', propertySourceLocations = '{}', propertySourceProperties = '{org.springframework.boot.test.context.SpringBootTestContextBootstrapper=true}', contextCustomizers = set[org.springframework.boot.test.autoconfigure.properties.PropertyMappingContextCustomizer@0, org.springframework.boot.test.autoconfigure.web.servlet.WebDriverContextCustomizerFactory$Customizer@46e10956, org.springframework.boot.test.context.filter.ExcludeFilterContextCustomizer@46853db1, org.springframework.boot.test.json.DuplicateJsonObjectContextCustomizerFactory$DuplicateJsonObjectContextCustomizer@3a8f72f3, org.springframework.boot.test.mock.mockito.MockitoContextCustomizer@0, org.springframework.boot.test.web.client.TestRestTemplateContextCustomizer@4ac301bd], resourceBasePath = 'src/main/webapp', contextLoader = 'org.springframework.boot.test.context.SpringBootContextLoader', parent = [null]], attributes = map['org.springframework.test.context.web.ServletTestExecutionListener.activateListener' -> true]], class annotated with @DirtiesContext [false] with mode [null].
07:06:40.240 [Test worker] DEBUG org.springframework.test.annotation.ProfileValueUtils - Retrieved @ProfileValueSourceConfiguration [null] for test class [tourGuide.TestTourGuideService]
07:06:40.241 [Test worker] DEBUG org.springframework.test.annotation.ProfileValueUtils - Retrieved ProfileValueSource type [class org.springframework.test.annotation.SystemProfileValueSource] for class [tourGuide.TestTourGuideService]
07:06:40.327 [Test worker] DEBUG org.springframework.test.context.support.TestPropertySourceUtils - Adding inlined properties to environment: {spring.jmx.enabled=false, org.springframework.boot.test.context.SpringBootTestContextBootstrapper=true, server.port=-1}
2021-12-13 07:06:42.702  INFO 5880 --- [    Test worker] trationDelegate$BeanPostProcessorChecker : Bean 'org.springframework.cloud.autoconfigure.ConfigurationPropertiesRebinderAutoConfiguration' of type [org.springframework.cloud.autoconfigure.ConfigurationPropertiesRebinderAutoConfiguration$$EnhancerBySpringCGLIB$$4f1c1360] is not eligible for getting processed by all BeanPostProcessors (for example: not eligible for auto-proxying)

  .   ____          _            __ _ _
 /\\ / ___'_ __ _ _(_)_ __  __ _ \ \ \ \
( ( )\___ | '_ | '_| | '_ \/ _` | \ \ \ \
 \\/  ___)| |_)| | | | | || (_| |  ) ) ) )
  '  |____| .__|_| |_|_| |_\__, | / / / /
 =========|_|==============|___/=/_/_/_/
 :: Spring Boot ::        (v2.1.6.RELEASE)

2021-12-13 07:06:43.808  INFO 5880 --- [    Test worker] tourGuide.TestTourGuideService           : No active profile set, falling back to default profiles: default
2021-12-13 07:06:45.821  INFO 5880 --- [    Test worker] o.s.cloud.context.scope.GenericScope     : BeanFactory id=744dbade-d8f3-3073-8a08-4bbc9c622063
2021-12-13 07:06:45.917  INFO 5880 --- [    Test worker] trationDelegate$BeanPostProcessorChecker : Bean 'tourGuide.proxies.GpsUtilProxy' of type [org.springframework.cloud.openfeign.FeignClientFactoryBean] is not eligible for getting processed by all BeanPostProcessors (for example: not eligible for auto-proxying)
2021-12-13 07:06:45.919  INFO 5880 --- [    Test worker] trationDelegate$BeanPostProcessorChecker : Bean 'tourGuide.proxies.RewardCentralProxy' of type [org.springframework.cloud.openfeign.FeignClientFactoryBean] is not eligible for getting processed by all BeanPostProcessors (for example: not eligible for auto-proxying)
2021-12-13 07:06:46.070  INFO 5880 --- [    Test worker] trationDelegate$BeanPostProcessorChecker : Bean 'org.springframework.cloud.autoconfigure.ConfigurationPropertiesRebinderAutoConfiguration' of type [org.springframework.cloud.autoconfigure.ConfigurationPropertiesRebinderAutoConfiguration$$EnhancerBySpringCGLIB$$4f1c1360] is not eligible for getting processed by all BeanPostProcessors (for example: not eligible for auto-proxying)
2021-12-13 07:06:46.763  INFO 5880 --- [    Test worker] tourGuide.service.TourGuideServiceImpl   : TestMode enabled
2021-12-13 07:06:46.764 DEBUG 5880 --- [    Test worker] tourGuide.service.TourGuideServiceImpl   : Initializing users
2021-12-13 07:06:46.810  INFO 5880 --- [    Test worker] o.j.m.DefaultMonetaryContextFactory      : Using custom MathContext: precision=256, roundingMode=HALF_EVEN
2021-12-13 07:06:46.844 DEBUG 5880 --- [    Test worker] tourGuide.service.TourGuideServiceImpl   : Created 100 internal test users.
2021-12-13 07:06:46.845 DEBUG 5880 --- [    Test worker] tourGuide.service.TourGuideServiceImpl   : Finished initializing users
2021-12-13 07:06:46.853 DEBUG 5880 --- [pool-1-thread-1] tourGuide.tracker.Tracker                : Begin Tracker. Tracking 100 users.
2021-12-13 07:06:46.870 DEBUG 5880 --- [pool-1-thread-1] tourGuide.tracker.Tracker                : Tracker Time Elapsed: 0 seconds.
2021-12-13 07:06:46.871 DEBUG 5880 --- [pool-1-thread-1] tourGuide.tracker.Tracker                : Tracker sleeping
2021-12-13 07:06:47.436  WARN 5880 --- [    Test worker] o.s.c.n.a.ArchaiusAutoConfiguration      : No spring.application.name found, defaulting to 'application'
2021-12-13 07:06:47.446  WARN 5880 --- [    Test worker] c.n.c.sources.URLConfigurationSource     : No URLs will be polled as dynamic configuration sources.
2021-12-13 07:06:47.446  INFO 5880 --- [    Test worker] c.n.c.sources.URLConfigurationSource     : To enable URLs as dynamic configuration sources, define System property archaius.configurationSource.additionalUrls or make config.properties available on classpath.
2021-12-13 07:06:47.465  WARN 5880 --- [    Test worker] c.n.c.sources.URLConfigurationSource     : No URLs will be polled as dynamic configuration sources.
2021-12-13 07:06:47.465  INFO 5880 --- [    Test worker] c.n.c.sources.URLConfigurationSource     : To enable URLs as dynamic configuration sources, define System property archaius.configurationSource.additionalUrls or make config.properties available on classpath.
2021-12-13 07:06:48.404  INFO 5880 --- [    Test worker] o.s.s.concurrent.ThreadPoolTaskExecutor  : Initializing ExecutorService 'applicationTaskExecutor'
2021-12-13 07:07:01.615  INFO 5880 --- [    Test worker] o.s.b.a.e.web.EndpointLinksResolver      : Exposing 2 endpoint(s) beneath base path '/actuator'
2021-12-13 07:07:02.010  INFO 5880 --- [    Test worker] tourGuide.TestTourGuideService           : Started TestTourGuideService in 21.63 seconds (JVM running for 25.277)
]]></system-out>
  <system-err><![CDATA[]]></system-err>
</testsuite>
